<?xml version="1.0" encoding="UTF-8"?>
<!-- Generated by org.testng.reporters.JUnitReportReporter -->
<testsuite hostname="DESKTOP-5VGBRBI" failures="0" tests="1" name="tests.LoginTest" time="25.130" errors="0" timestamp="2025-08-11T21:06:06 IST" skipped="0">
  <testcase classname="tests.LoginTest" name="testValidLogin" time="25.130"/>
</testsuite> <!-- tests.LoginTest -->
