<?xml version="1.0" encoding="UTF-8"?>
<!-- Generated by org.testng.reporters.JUnitReportReporter -->
<testsuite hostname="DESKTOP-5VGBRBI" failures="0" tests="1" name="tests.LoginTest" time="76.307" errors="0" timestamp="2025-08-28T10:27:46 IST" skipped="0">
  <testcase classname="tests.LoginTest" name="testValidLogin" time="76.307"/>
</testsuite> <!-- tests.LoginTest -->
